TN:
SF:src\common\entity.common.js
FNF:0
FNH:0
DA:1,1
DA:8,1
LF:2
LH:2
BRF:0
BRH:0
end_of_record
TN:
SF:src\controller\user.controller.js
FN:16,userRegisterController
FN:63,userLoginController
FNF:2
FNH:2
FNDA:1,userRegisterController
FNDA:2,userLoginController
DA:1,1
DA:2,1
DA:3,1
DA:4,1
DA:5,1
DA:6,1
DA:17,1
DA:18,1
DA:21,1
DA:25,1
DA:28,1
DA:31,1
DA:33,1
DA:34,0
DA:38,1
DA:43,1
DA:48,1
DA:50,0
DA:64,2
DA:65,2
DA:68,2
DA:71,2
DA:75,2
DA:76,0
DA:79,2
DA:82,2
DA:87,2
DA:89,1
DA:95,1
DA:100,1
DA:105,1
DA:107,0
DA:108,0
DA:115,1
LF:34
LH:29
BRDA:33,0,0,0
BRDA:33,0,1,1
BRDA:75,1,0,0
BRDA:75,1,1,2
BRDA:87,2,0,1
BRDA:87,2,1,1
BRF:6
BRH:4
end_of_record
TN:
SF:src\database\connect.js
FN:9,(anonymous_0)
FN:12,(anonymous_1)
FN:34,getQueryPromise
FN:40,(anonymous_3)
FN:44,(anonymous_4)
FNF:5
FNH:2
FNDA:1,(anonymous_0)
FNDA:0,(anonymous_1)
FNDA:0,getQueryPromise
FNDA:1,(anonymous_3)
FNDA:0,(anonymous_4)
DA:1,1
DA:4,1
DA:5,1
DA:7,1
DA:10,1
DA:13,0
DA:18,1
DA:21,1
DA:35,0
DA:38,1
DA:41,1
DA:45,0
DA:48,1
LF:13
LH:10
BRF:0
BRH:0
end_of_record
TN:
SF:src\entity\Base.entity.js
FNF:0
FNH:0
DA:1,1
DA:2,1
DA:7,1
LF:3
LH:3
BRF:0
BRH:0
end_of_record
TN:
SF:src\entity\Customer.entity.js
FNF:0
FNH:0
DA:1,1
DA:2,1
DA:5,1
DA:6,0
DA:7,0
DA:12,0
DA:16,0
DA:20,0
DA:24,0
DA:28,0
DA:32,0
DA:36,0
DA:40,0
DA:44,0
DA:48,0
DA:52,0
DA:59,0
DA:65,1
LF:18
LH:4
BRF:0
BRH:0
end_of_record
TN:
SF:src\entity\Employee.entity.js
FNF:0
FNH:0
DA:1,1
DA:2,1
DA:5,1
DA:6,0
DA:7,0
DA:12,0
DA:16,0
DA:20,0
DA:24,0
DA:28,0
DA:35,0
DA:42,0
DA:46,0
DA:56,1
LF:14
LH:4
BRF:0
BRH:0
end_of_record
TN:
SF:src\entity\Group.entity.js
FNF:0
FNH:0
DA:1,1
DA:2,1
DA:5,1
DA:6,0
DA:7,0
DA:12,0
DA:16,0
DA:26,0
DA:38,1
LF:9
LH:4
BRF:0
BRH:0
end_of_record
TN:
SF:src\entity\Office.entity.js
FNF:0
FNH:0
DA:1,1
DA:2,1
DA:5,1
DA:6,0
DA:7,0
DA:12,0
DA:18,1
LF:7
LH:4
BRF:0
BRH:0
end_of_record
TN:
SF:src\entity\Repository.js
FN:16,(anonymous_0)
FN:22,(anonymous_1)
FN:39,(anonymous_2)
FN:52,(anonymous_3)
FN:64,(anonymous_4)
FN:82,(anonymous_5)
FN:110,(anonymous_6)
FN:133,setEntity
FN:135,(anonymous_8)
FN:178,isEqualEntity
FN:180,isEntityInList
FNF:11
FNH:1
FNDA:3,(anonymous_0)
FNDA:0,(anonymous_1)
FNDA:0,(anonymous_2)
FNDA:0,(anonymous_3)
FNDA:0,(anonymous_4)
FNDA:0,(anonymous_5)
FNDA:0,(anonymous_6)
FNDA:0,setEntity
FNDA:0,(anonymous_8)
FNDA:0,isEqualEntity
FNDA:0,isEntityInList
DA:1,1
DA:2,1
DA:6,1
DA:7,1
DA:12,1
DA:13,1
DA:17,3
DA:20,1
DA:28,0
DA:31,0
DA:32,0
DA:33,0
DA:35,0
DA:38,0
DA:39,0
DA:40,0
DA:41,0
DA:42,0
DA:45,0
DA:53,0
DA:54,0
DA:58,0
DA:59,0
DA:63,0
DA:64,0
DA:65,0
DA:71,0
DA:72,0
DA:75,0
DA:76,0
DA:89,0
DA:93,0
DA:96,0
DA:97,0
DA:98,0
DA:100,0
DA:103,0
DA:104,0
DA:116,0
DA:119,0
DA:120,0
DA:121,0
DA:125,0
DA:126,0
DA:134,0
DA:135,0
DA:136,0
DA:141,0
DA:144,0
DA:145,0
DA:148,0
DA:149,0
DA:152,0
DA:153,0
DA:154,0
DA:159,0
DA:160,0
DA:161,0
DA:166,0
DA:167,0
DA:168,0
DA:174,0
DA:175,0
DA:182,1
LF:64
LH:9
BRDA:23,0,0,0
BRDA:31,1,0,0
BRDA:31,1,1,0
BRDA:53,2,0,0
BRDA:53,2,1,0
BRDA:83,3,0,0
BRDA:96,4,0,0
BRDA:96,4,1,0
BRDA:111,5,0,0
BRDA:119,6,0,0
BRDA:119,6,1,0
BRDA:136,7,0,0
BRDA:136,7,1,0
BRDA:137,8,0,0
BRDA:137,8,1,0
BRDA:137,8,2,0
BRDA:144,9,0,0
BRDA:144,9,1,0
BRDA:148,10,0,0
BRDA:148,10,1,0
BRDA:152,11,0,0
BRDA:152,11,1,0
BRDA:159,12,0,0
BRDA:159,12,1,0
BRDA:166,13,0,0
BRDA:166,13,1,0
BRF:26
BRH:0
end_of_record
TN:
SF:src\entity\Rule.entity.js
FNF:0
FNH:0
DA:1,1
DA:2,1
DA:5,1
DA:6,0
DA:7,0
DA:12,0
DA:16,0
DA:20,0
DA:24,0
DA:36,1
LF:10
LH:4
BRF:0
BRH:0
end_of_record
TN:
SF:src\entity\User.entity.js
FNF:0
FNH:0
DA:1,1
DA:2,1
DA:5,1
DA:6,0
DA:7,0
DA:12,0
DA:16,0
DA:23,0
DA:35,1
LF:9
LH:4
BRF:0
BRH:0
end_of_record
TN:
SF:src\entity\index.js
FN:11,findEntity
FNF:1
FNH:0
FNDA:0,findEntity
DA:1,1
DA:2,1
DA:3,1
DA:4,1
DA:5,1
DA:6,1
DA:7,1
DA:9,1
DA:12,0
DA:13,0
DA:14,0
DA:17,0
DA:20,1
LF:13
LH:9
BRDA:13,0,0,0
BRDA:13,0,1,0
BRF:2
BRH:0
end_of_record
TN:
SF:src\logger\index.js
FN:5,generateLogger
FN:16,(anonymous_1)
FNF:2
FNH:2
FNDA:2,generateLogger
FNDA:2,(anonymous_1)
DA:1,1
DA:2,1
DA:3,1
DA:6,2
DA:16,2
DA:17,2
DA:18,2
DA:24,2
DA:28,1
LF:9
LH:9
BRDA:20,0,0,0
BRDA:20,0,1,2
BRF:2
BRH:1
end_of_record
TN:
SF:src\model\Logger.model.js
FNF:0
FNH:0
DA:1,1
DA:3,1
DA:23,1
DA:25,1
LF:4
LH:4
BRF:0
BRH:0
end_of_record
TN:
SF:src\utils\handle.array.js
FN:8,convertObjectToStringValues
FN:13,(anonymous_1)
FN:31,convertArrayToSQLValues
FN:32,(anonymous_3)
FN:50,convertObjectToStringKeysValues
FN:55,(anonymous_5)
FN:76,generateJoinConditionON
FN:82,(anonymous_7)
FN:97,generateJoinConditionWhere
FN:98,(anonymous_9)
FNF:10
FNH:10
FNDA:2,convertObjectToStringValues
FNDA:6,(anonymous_1)
FNDA:1,convertArrayToSQLValues
FNDA:3,(anonymous_3)
FNDA:2,convertObjectToStringKeysValues
FNDA:6,(anonymous_5)
FNDA:1,generateJoinConditionON
FNDA:2,(anonymous_7)
FNDA:1,generateJoinConditionWhere
FNDA:2,(anonymous_9)
DA:9,2
DA:10,1
DA:13,2
DA:14,6
DA:15,6
DA:16,6
DA:18,0
DA:22,2
DA:32,1
DA:33,3
DA:34,0
DA:36,3
DA:40,1
DA:51,2
DA:52,1
DA:55,2
DA:56,6
DA:57,6
DA:58,0
DA:60,6
DA:64,2
DA:82,1
DA:83,2
DA:86,1
DA:98,1
DA:99,2
DA:100,0
DA:102,2
DA:106,1
DA:109,1
LF:30
LH:26
BRDA:9,0,0,1
BRDA:9,0,1,1
BRDA:15,1,0,6
BRDA:15,1,1,0
BRDA:33,2,0,0
BRDA:33,2,1,3
BRDA:51,3,0,1
BRDA:51,3,1,1
BRDA:57,4,0,0
BRDA:57,4,1,6
BRDA:99,5,0,0
BRDA:99,5,1,2
BRF:12
BRH:8
end_of_record
TN:
SF:src\utils\rule.condition.js
FN:10,mergeWhereConditions
FN:26,arrayToWhereCondition
FN:43,convertToWhereCondition
FNF:3
FNH:3
FNDA:4,mergeWhereConditions
FNDA:8,arrayToWhereCondition
FNDA:5,convertToWhereCondition
DA:1,1
DA:11,4
DA:14,4
DA:15,0
DA:17,4
DA:18,4
DA:27,8
DA:28,8
DA:29,8
DA:30,8
DA:31,0
DA:33,8
DA:35,8
DA:44,5
DA:45,5
DA:46,5
DA:48,5
DA:49,12
DA:50,8
DA:52,4
DA:55,12
DA:56,3
DA:57,3
DA:58,3
DA:59,3
DA:60,9
DA:61,1
DA:62,1
DA:63,1
DA:64,1
DA:65,8
DA:66,0
DA:67,0
DA:68,0
DA:69,0
DA:73,5
DA:74,1
DA:77,4
DA:78,1
DA:81,3
DA:84,1
LF:41
LH:35
BRDA:12,0,0,2
BRDA:12,0,1,2
BRDA:14,1,0,0
BRDA:14,1,1,4
BRDA:29,2,0,8
BRDA:29,2,1,0
BRDA:30,3,0,0
BRDA:30,3,1,8
BRDA:49,4,0,8
BRDA:49,4,1,4
BRDA:55,5,0,3
BRDA:55,5,1,9
BRDA:55,6,0,12
BRDA:55,6,1,6
BRDA:60,7,0,1
BRDA:60,7,1,8
BRDA:60,8,0,9
BRDA:60,8,1,9
BRDA:65,9,0,0
BRDA:65,9,1,8
BRDA:65,10,0,8
BRDA:65,10,1,0
BRDA:73,11,0,1
BRDA:73,11,1,4
BRDA:73,12,0,5
BRDA:73,12,1,2
BRDA:77,13,0,1
BRDA:77,13,1,3
BRDA:77,14,0,4
BRDA:77,14,1,4
BRDA:77,14,2,4
BRF:31
BRH:26
end_of_record
TN:
SF:src\utils\callDB\entityQuery.js
FN:10,getManyToOne
FN:49,getManyToMany
FN:104,getOneToMany
FNF:3
FNH:0
FNDA:0,getManyToOne
FNDA:0,getManyToMany
FNDA:0,getOneToMany
DA:1,1
DA:2,1
DA:3,1
DA:12,0
DA:13,0
DA:14,0
DA:16,0
DA:17,0
DA:19,0
DA:20,0
DA:23,0
DA:29,0
DA:34,0
DA:35,0
DA:37,0
DA:38,0
DA:39,0
DA:40,0
DA:41,0
DA:57,0
DA:59,0
DA:60,0
DA:61,0
DA:63,0
DA:64,0
DA:66,0
DA:67,0
DA:70,0
DA:76,0
DA:82,0
DA:84,0
DA:85,0
DA:86,0
DA:87,0
DA:88,0
DA:90,0
DA:91,0
DA:93,0
DA:94,0
DA:95,0
DA:96,0
DA:106,0
DA:108,0
DA:109,0
DA:110,0
DA:112,0
DA:113,0
DA:115,0
DA:116,0
DA:119,0
DA:124,0
DA:130,0
DA:131,0
DA:132,0
DA:133,0
DA:134,0
DA:136,0
DA:137,0
DA:139,0
DA:140,0
DA:141,0
DA:142,0
DA:145,1
LF:63
LH:4
BRF:0
BRH:0
end_of_record
